<?xml version="1.0" encoding="UTF-8"?>
<!-- Generated by org.testng.reporters.JUnitXMLReporter -->
<testsuite hostname="DESKTOP-V1KIB6K" ignored="0" name="Test" tests="3" failures="0" timestamp="10 Mar 2020 17:31:49 GMT" time="78.758" errors="0">
  <testcase name="validLoginLogout" time="9.088" classname="Com_OrangeHRM_Test.ValidLoginLogoutTest"/>
  <testcase name="invalidLogin" time="12.045" classname="Com_OrangeHRM_Test.InvalidLoginTest"/>
  <testcase name="verifyVersion" time="0.315" classname="Com_OrangeHRM_Test.VerifyVersionTest"/>
</testsuite> <!-- Test -->
